<?xml version="1.0" encoding="UTF-8"?>
<!-- Generated by org.testng.reporters.JUnitXMLReporter -->
<testsuite ignored="4" hostname="LTIN249053" failures="0" tests="21" name="Test" time="81.213" errors="0" timestamp="2024-02-28T14:23:17 IST">
  <testcase classname="TestCases.Tc_001_carLoanTest" name="verify_car_loan" time="2.65"/>
  <testcase classname="TestCases.Tc_001_carLoanTest" name="verify_click_emi_schemes" time="0.4"/>
  <testcase classname="TestCases.Tc_001_carLoanTest" name="scroll_down" time="0.103"/>
  <testcase classname="TestCases.Tc_001_carLoanTest" name="get_monthly_principal" time="2.171"/>
  <testcase classname="TestCases.Tc_001_carLoanTest" name="get_monthly_interest" time="0.059"/>
  <testcase classname="TestCases.Tc_002_homeLoanTest" name="verify_click_homeLoan_calculator" time="2.639"/>
  <testcase classname="TestCases.Tc_002_homeLoanTest" name="verify_home_loan" time="2.394"/>
  <testcase classname="TestCases.Tc_002_homeLoanTest" name="verify_scroll_down" time="0.091"/>
  <testcase classname="TestCases.Tc_002_homeLoanTest" name="write__table_headers" time="12.037"/>
  <testcase classname="TestCases.Tc_002_homeLoanTest" name="write_table_data" time="10.507"/>
  <testcase classname="TestCases.Tc_003_loanTest" name="verify_click_menu" time="2.263"/>
  <testcase classname="TestCases.Tc_003_loanTest" name="verify_textbox_ui_emi" time="0.302"/>
  <testcase classname="TestCases.Tc_003_loanTest" name="verify_scale_ui_emi" time="3.441"/>
  <testcase classname="TestCases.Tc_003_loanTest" name="verify_month_change_emi" time="0.918"/>
  <testcase classname="TestCases.Tc_003_loanTest" name="verify_click_loanAmount" time="0.331"/>
  <testcase classname="TestCases.Tc_003_loanTest" name="verify_textbox_ui_loanamount" time="0.313"/>
  <testcase classname="TestCases.Tc_003_loanTest" name="verify_scale_ui_loanamount" time="3.221"/>
  <testcase classname="TestCases.Tc_003_loanTest" name="verify_month_change_loanamount" time="1.152"/>
  <testcase classname="TestCases.Tc_003_loanTest" name="verify_click_loanTenure" time="0.377"/>
  <testcase classname="TestCases.Tc_003_loanTest" name="verify_textbox_ui_loantenure" time="0.38"/>
  <testcase classname="TestCases.Tc_003_loanTest" name="verify_scale_ui_loantenure" time="3.595"/>
  <testcase classname="TestBase.BaseClass" name="@BeforeTest setUp" time="0.0">
    <ignored/>
  </testcase> <!-- @BeforeTest setUp -->
  <testcase classname="TestBase.BaseClass" name="@BeforeTest setUp" time="0.0">
    <ignored/>
  </testcase> <!-- @BeforeTest setUp -->
  <testcase classname="TestBase.BaseClass" name="@AfterTest tearDown" time="0.0">
    <ignored/>
  </testcase> <!-- @AfterTest tearDown -->
  <testcase classname="TestBase.BaseClass" name="@AfterTest tearDown" time="0.0">
    <ignored/>
  </testcase> <!-- @AfterTest tearDown -->
</testsuite> <!-- Test -->
