<?xml version="1.0" encoding="UTF-8"?>
<!-- Generated by org.testng.reporters.JUnitXMLReporter -->
<testsuite ignored="4" hostname="LTIN249053" failures="0" tests="21" name="Test" time="179.581" errors="0" timestamp="2024-02-27T15:33:10 IST">
  <testcase classname="TestCases.Tc_001_carLoanTest" name="verify_car_loan" time="3.181"/>
  <testcase classname="TestCases.Tc_001_carLoanTest" name="verify_click_emi_schemes" time="0.14"/>
  <testcase classname="TestCases.Tc_001_carLoanTest" name="scroll_down" time="0.068"/>
  <testcase classname="TestCases.Tc_001_carLoanTest" name="get_monthly_principal" time="2.173"/>
  <testcase classname="TestCases.Tc_001_carLoanTest" name="get_monthly_interest" time="0.079"/>
  <testcase classname="TestCases.Tc_002_homeLoanTest" name="verify_click_homeLoan_calculator" time="31.642"/>
  <testcase classname="TestCases.Tc_002_homeLoanTest" name="verify_home_loan" time="2.93"/>
  <testcase classname="TestCases.Tc_002_homeLoanTest" name="verify_scroll_down" time="0.075"/>
  <testcase classname="TestCases.Tc_002_homeLoanTest" name="write__table_headers" time="10.677"/>
  <testcase classname="TestCases.Tc_002_homeLoanTest" name="write_table_data" time="5.519"/>
  <testcase classname="TestCases.Tc_003_loanTest" name="verify_click_menu" time="8.384"/>
  <testcase classname="TestCases.Tc_003_loanTest" name="verify_textbox_ui_emi" time="0.235"/>
  <testcase classname="TestCases.Tc_003_loanTest" name="verify_scale_ui_emi" time="3.194"/>
  <testcase classname="TestCases.Tc_003_loanTest" name="verify_month_change_emi" time="0.685"/>
  <testcase classname="TestCases.Tc_003_loanTest" name="verify_click_loanAmount" time="0.261"/>
  <testcase classname="TestCases.Tc_003_loanTest" name="verify_textbox_ui_loanamount" time="0.197"/>
  <testcase classname="TestCases.Tc_003_loanTest" name="verify_scale_ui_loanamount" time="3.316"/>
  <testcase classname="TestCases.Tc_003_loanTest" name="verify_month_change_loanamount" time="1.01"/>
  <testcase classname="TestCases.Tc_003_loanTest" name="verify_click_loanTenure" time="0.195"/>
  <testcase classname="TestCases.Tc_003_loanTest" name="verify_textbox_ui_loantenure" time="0.189"/>
  <testcase classname="TestCases.Tc_003_loanTest" name="verify_scale_ui_loantenure" time="3.447"/>
  <testcase classname="TestBase.BaseClass" name="@BeforeTest setUp" time="0.0">
    <ignored/>
  </testcase> <!-- @BeforeTest setUp -->
  <testcase classname="TestBase.BaseClass" name="@BeforeTest setUp" time="0.0">
    <ignored/>
  </testcase> <!-- @BeforeTest setUp -->
  <testcase classname="TestBase.BaseClass" name="@AfterTest tearDown" time="0.0">
    <ignored/>
  </testcase> <!-- @AfterTest tearDown -->
  <testcase classname="TestBase.BaseClass" name="@AfterTest tearDown" time="0.0">
    <ignored/>
  </testcase> <!-- @AfterTest tearDown -->
</testsuite> <!-- Test -->
