<?xml version="1.0" encoding="UTF-8"?>
<testng-results ignored="4" total="25" passed="21" failed="0" skipped="0">
  <reporter-output>
  </reporter-output>
  <suite started-at="2024-02-27T15:30:10 IST" name="Suite" finished-at="2024-02-27T15:33:10 IST" duration-ms="179581">
    <groups>
    </groups>
    <test started-at="2024-02-27T15:30:10 IST" name="Test" finished-at="2024-02-27T15:33:10 IST" duration-ms="179581">
      <class name="TestCases.Tc_002_homeLoanTest">
        <test-method signature="verify_click_homeLoan_calculator()[pri:6, instance:TestCases.Tc_002_homeLoanTest@74e52303]" started-at="2024-02-27T15:31:50 IST" name="verify_click_homeLoan_calculator" finished-at="2024-02-27T15:32:22 IST" duration-ms="31642" status="PASS">
          <reporter-output>
          </reporter-output>
        </test-method> <!-- verify_click_homeLoan_calculator -->
        <test-method signature="verify_home_loan()[pri:7, instance:TestCases.Tc_002_homeLoanTest@74e52303]" started-at="2024-02-27T15:32:22 IST" name="verify_home_loan" finished-at="2024-02-27T15:32:25 IST" duration-ms="2930" status="PASS">
          <reporter-output>
          </reporter-output>
        </test-method> <!-- verify_home_loan -->
        <test-method signature="verify_scroll_down()[pri:8, instance:TestCases.Tc_002_homeLoanTest@74e52303]" started-at="2024-02-27T15:32:25 IST" name="verify_scroll_down" finished-at="2024-02-27T15:32:25 IST" duration-ms="75" status="PASS">
          <reporter-output>
          </reporter-output>
        </test-method> <!-- verify_scroll_down -->
        <test-method signature="write__table_headers()[pri:9, instance:TestCases.Tc_002_homeLoanTest@74e52303]" started-at="2024-02-27T15:32:26 IST" name="write__table_headers" finished-at="2024-02-27T15:32:37 IST" duration-ms="10677" status="PASS">
          <reporter-output>
          </reporter-output>
        </test-method> <!-- write__table_headers -->
        <test-method signature="write_table_data()[pri:10, instance:TestCases.Tc_002_homeLoanTest@74e52303]" started-at="2024-02-27T15:32:37 IST" name="write_table_data" finished-at="2024-02-27T15:32:42 IST" duration-ms="5519" status="PASS">
          <reporter-output>
          </reporter-output>
        </test-method> <!-- write_table_data -->
      </class> <!-- TestCases.Tc_002_homeLoanTest -->
      <class name="TestCases.Tc_001_carLoanTest">
        <test-method is-config="true" signature="setUp(java.lang.String)[pri:0, instance:TestCases.Tc_001_carLoanTest@15ff3e9e]" started-at="2024-02-27T15:30:13 IST" name="setUp" finished-at="2024-02-27T15:31:42 IST" duration-ms="89010" status="PASS">
          <params>
            <param index="0">
              <value>
                <![CDATA[Chrome]]>
              </value>
            </param>
          </params>
          <reporter-output>
          </reporter-output>
        </test-method> <!-- setUp -->
        <test-method signature="verify_car_loan()[pri:1, instance:TestCases.Tc_001_carLoanTest@15ff3e9e]" started-at="2024-02-27T15:31:42 IST" name="verify_car_loan" finished-at="2024-02-27T15:31:45 IST" duration-ms="3181" status="PASS">
          <reporter-output>
          </reporter-output>
        </test-method> <!-- verify_car_loan -->
        <test-method signature="verify_click_emi_schemes()[pri:2, instance:TestCases.Tc_001_carLoanTest@15ff3e9e]" started-at="2024-02-27T15:31:46 IST" name="verify_click_emi_schemes" finished-at="2024-02-27T15:31:46 IST" duration-ms="140" status="PASS">
          <reporter-output>
          </reporter-output>
        </test-method> <!-- verify_click_emi_schemes -->
        <test-method signature="scroll_down()[pri:3, instance:TestCases.Tc_001_carLoanTest@15ff3e9e]" started-at="2024-02-27T15:31:46 IST" name="scroll_down" finished-at="2024-02-27T15:31:46 IST" duration-ms="68" status="PASS">
          <reporter-output>
          </reporter-output>
        </test-method> <!-- scroll_down -->
        <test-method signature="get_monthly_principal()[pri:4, instance:TestCases.Tc_001_carLoanTest@15ff3e9e]" started-at="2024-02-27T15:31:47 IST" name="get_monthly_principal" finished-at="2024-02-27T15:31:49 IST" duration-ms="2173" status="PASS">
          <reporter-output>
          </reporter-output>
        </test-method> <!-- get_monthly_principal -->
        <test-method signature="get_monthly_interest()[pri:5, instance:TestCases.Tc_001_carLoanTest@15ff3e9e]" started-at="2024-02-27T15:31:49 IST" name="get_monthly_interest" finished-at="2024-02-27T15:31:50 IST" duration-ms="79" status="PASS">
          <reporter-output>
          </reporter-output>
        </test-method> <!-- get_monthly_interest -->
        <test-method is-config="true" signature="tearDown()[pri:0, instance:TestCases.Tc_001_carLoanTest@15ff3e9e]" started-at="2024-02-27T15:33:08 IST" name="tearDown" finished-at="2024-02-27T15:33:10 IST" duration-ms="2279" status="PASS">
          <reporter-output>
          </reporter-output>
        </test-method> <!-- tearDown -->
      </class> <!-- TestCases.Tc_001_carLoanTest -->
      <class name="TestCases.Tc_003_loanTest">
        <test-method signature="verify_click_menu()[pri:11, instance:TestCases.Tc_003_loanTest@47af7f3d]" started-at="2024-02-27T15:32:43 IST" name="verify_click_menu" finished-at="2024-02-27T15:32:51 IST" duration-ms="8384" status="PASS">
          <reporter-output>
          </reporter-output>
        </test-method> <!-- verify_click_menu -->
        <test-method signature="verify_textbox_ui_emi()[pri:12, instance:TestCases.Tc_003_loanTest@47af7f3d]" started-at="2024-02-27T15:32:51 IST" name="verify_textbox_ui_emi" finished-at="2024-02-27T15:32:52 IST" duration-ms="235" status="PASS">
          <reporter-output>
          </reporter-output>
        </test-method> <!-- verify_textbox_ui_emi -->
        <test-method signature="verify_scale_ui_emi()[pri:13, instance:TestCases.Tc_003_loanTest@47af7f3d]" started-at="2024-02-27T15:32:52 IST" name="verify_scale_ui_emi" finished-at="2024-02-27T15:32:55 IST" duration-ms="3194" status="PASS">
          <reporter-output>
          </reporter-output>
        </test-method> <!-- verify_scale_ui_emi -->
        <test-method signature="verify_month_change_emi()[pri:14, instance:TestCases.Tc_003_loanTest@47af7f3d]" started-at="2024-02-27T15:32:56 IST" name="verify_month_change_emi" finished-at="2024-02-27T15:32:56 IST" duration-ms="685" status="PASS">
          <reporter-output>
          </reporter-output>
        </test-method> <!-- verify_month_change_emi -->
        <test-method signature="verify_click_loanAmount()[pri:15, instance:TestCases.Tc_003_loanTest@47af7f3d]" started-at="2024-02-27T15:32:56 IST" name="verify_click_loanAmount" finished-at="2024-02-27T15:32:57 IST" duration-ms="261" status="PASS">
          <reporter-output>
          </reporter-output>
        </test-method> <!-- verify_click_loanAmount -->
        <test-method signature="verify_textbox_ui_loanamount()[pri:16, instance:TestCases.Tc_003_loanTest@47af7f3d]" started-at="2024-02-27T15:32:57 IST" name="verify_textbox_ui_loanamount" finished-at="2024-02-27T15:32:57 IST" duration-ms="197" status="PASS">
          <reporter-output>
          </reporter-output>
        </test-method> <!-- verify_textbox_ui_loanamount -->
        <test-method signature="verify_scale_ui_loanamount()[pri:17, instance:TestCases.Tc_003_loanTest@47af7f3d]" started-at="2024-02-27T15:32:58 IST" name="verify_scale_ui_loanamount" finished-at="2024-02-27T15:33:01 IST" duration-ms="3316" status="PASS">
          <reporter-output>
          </reporter-output>
        </test-method> <!-- verify_scale_ui_loanamount -->
        <test-method signature="verify_month_change_loanamount()[pri:18, instance:TestCases.Tc_003_loanTest@47af7f3d]" started-at="2024-02-27T15:33:01 IST" name="verify_month_change_loanamount" finished-at="2024-02-27T15:33:02 IST" duration-ms="1010" status="PASS">
          <reporter-output>
          </reporter-output>
        </test-method> <!-- verify_month_change_loanamount -->
        <test-method signature="verify_click_loanTenure()[pri:19, instance:TestCases.Tc_003_loanTest@47af7f3d]" started-at="2024-02-27T15:33:03 IST" name="verify_click_loanTenure" finished-at="2024-02-27T15:33:03 IST" duration-ms="195" status="PASS">
          <reporter-output>
          </reporter-output>
        </test-method> <!-- verify_click_loanTenure -->
        <test-method signature="verify_textbox_ui_loantenure()[pri:20, instance:TestCases.Tc_003_loanTest@47af7f3d]" started-at="2024-02-27T15:33:03 IST" name="verify_textbox_ui_loantenure" finished-at="2024-02-27T15:33:04 IST" duration-ms="189" status="PASS">
          <reporter-output>
          </reporter-output>
        </test-method> <!-- verify_textbox_ui_loantenure -->
        <test-method signature="verify_scale_ui_loantenure()[pri:21, instance:TestCases.Tc_003_loanTest@47af7f3d]" started-at="2024-02-27T15:33:04 IST" name="verify_scale_ui_loantenure" finished-at="2024-02-27T15:33:07 IST" duration-ms="3447" status="PASS">
          <reporter-output>
          </reporter-output>
        </test-method> <!-- verify_scale_ui_loantenure -->
      </class> <!-- TestCases.Tc_003_loanTest -->
    </test> <!-- Test -->
  </suite> <!-- Suite -->
</testng-results>
