<?xml version="1.0" encoding="UTF-8"?>
<testng-results ignored="4" total="25" passed="21" failed="0" skipped="0">
  <reporter-output>
  </reporter-output>
  <suite started-at="2024-02-28T14:21:55 IST" name="Suite" finished-at="2024-02-28T14:23:17 IST" duration-ms="81213">
    <groups>
    </groups>
    <test started-at="2024-02-28T14:21:55 IST" name="Test" finished-at="2024-02-28T14:23:17 IST" duration-ms="81213">
      <class name="TestCases.Tc_002_homeLoanTest">
        <test-method signature="verify_click_homeLoan_calculator()[pri:6, instance:TestCases.Tc_002_homeLoanTest@49139829]" started-at="2024-02-28T14:22:25 IST" name="verify_click_homeLoan_calculator" finished-at="2024-02-28T14:22:28 IST" duration-ms="2639" status="PASS">
          <reporter-output>
          </reporter-output>
        </test-method> <!-- verify_click_homeLoan_calculator -->
        <test-method signature="verify_home_loan()[pri:7, instance:TestCases.Tc_002_homeLoanTest@49139829]" started-at="2024-02-28T14:22:28 IST" name="verify_home_loan" finished-at="2024-02-28T14:22:31 IST" duration-ms="2394" status="PASS">
          <reporter-output>
          </reporter-output>
        </test-method> <!-- verify_home_loan -->
        <test-method signature="verify_scroll_down()[pri:8, instance:TestCases.Tc_002_homeLoanTest@49139829]" started-at="2024-02-28T14:22:31 IST" name="verify_scroll_down" finished-at="2024-02-28T14:22:31 IST" duration-ms="91" status="PASS">
          <reporter-output>
          </reporter-output>
        </test-method> <!-- verify_scroll_down -->
        <test-method signature="write__table_headers()[pri:9, instance:TestCases.Tc_002_homeLoanTest@49139829]" started-at="2024-02-28T14:22:31 IST" name="write__table_headers" finished-at="2024-02-28T14:22:43 IST" duration-ms="12037" status="PASS">
          <reporter-output>
          </reporter-output>
        </test-method> <!-- write__table_headers -->
        <test-method signature="write_table_data()[pri:10, instance:TestCases.Tc_002_homeLoanTest@49139829]" started-at="2024-02-28T14:22:44 IST" name="write_table_data" finished-at="2024-02-28T14:22:54 IST" duration-ms="10507" status="PASS">
          <reporter-output>
          </reporter-output>
        </test-method> <!-- write_table_data -->
      </class> <!-- TestCases.Tc_002_homeLoanTest -->
      <class name="TestCases.Tc_001_carLoanTest">
        <test-method is-config="true" signature="setUp(java.lang.String,java.lang.String)[pri:0, instance:TestCases.Tc_001_carLoanTest@7f3b84b8]" started-at="2024-02-28T14:21:57 IST" name="setUp" finished-at="2024-02-28T14:22:18 IST" duration-ms="20731" status="PASS">
          <params>
            <param index="0">
              <value>
                <![CDATA[windows]]>
              </value>
            </param>
            <param index="1">
              <value>
                <![CDATA[Chrome]]>
              </value>
            </param>
          </params>
          <reporter-output>
          </reporter-output>
        </test-method> <!-- setUp -->
        <test-method signature="verify_car_loan()[pri:1, instance:TestCases.Tc_001_carLoanTest@7f3b84b8]" started-at="2024-02-28T14:22:18 IST" name="verify_car_loan" finished-at="2024-02-28T14:22:20 IST" duration-ms="2650" status="PASS">
          <reporter-output>
          </reporter-output>
        </test-method> <!-- verify_car_loan -->
        <test-method signature="verify_click_emi_schemes()[pri:2, instance:TestCases.Tc_001_carLoanTest@7f3b84b8]" started-at="2024-02-28T14:22:21 IST" name="verify_click_emi_schemes" finished-at="2024-02-28T14:22:21 IST" duration-ms="400" status="PASS">
          <reporter-output>
          </reporter-output>
        </test-method> <!-- verify_click_emi_schemes -->
        <test-method signature="scroll_down()[pri:3, instance:TestCases.Tc_001_carLoanTest@7f3b84b8]" started-at="2024-02-28T14:22:21 IST" name="scroll_down" finished-at="2024-02-28T14:22:22 IST" duration-ms="103" status="PASS">
          <reporter-output>
          </reporter-output>
        </test-method> <!-- scroll_down -->
        <test-method signature="get_monthly_principal()[pri:4, instance:TestCases.Tc_001_carLoanTest@7f3b84b8]" started-at="2024-02-28T14:22:22 IST" name="get_monthly_principal" finished-at="2024-02-28T14:22:24 IST" duration-ms="2171" status="PASS">
          <reporter-output>
          </reporter-output>
        </test-method> <!-- get_monthly_principal -->
        <test-method signature="get_monthly_interest()[pri:5, instance:TestCases.Tc_001_carLoanTest@7f3b84b8]" started-at="2024-02-28T14:22:25 IST" name="get_monthly_interest" finished-at="2024-02-28T14:22:25 IST" duration-ms="59" status="PASS">
          <reporter-output>
          </reporter-output>
        </test-method> <!-- get_monthly_interest -->
        <test-method is-config="true" signature="tearDown()[pri:0, instance:TestCases.Tc_001_carLoanTest@7f3b84b8]" started-at="2024-02-28T14:23:15 IST" name="tearDown" finished-at="2024-02-28T14:23:17 IST" duration-ms="1488" status="PASS">
          <reporter-output>
          </reporter-output>
        </test-method> <!-- tearDown -->
      </class> <!-- TestCases.Tc_001_carLoanTest -->
      <class name="TestCases.Tc_003_loanTest">
        <test-method signature="verify_click_menu()[pri:11, instance:TestCases.Tc_003_loanTest@9597028]" started-at="2024-02-28T14:22:55 IST" name="verify_click_menu" finished-at="2024-02-28T14:22:57 IST" duration-ms="2263" status="PASS">
          <reporter-output>
          </reporter-output>
        </test-method> <!-- verify_click_menu -->
        <test-method signature="verify_textbox_ui_emi()[pri:12, instance:TestCases.Tc_003_loanTest@9597028]" started-at="2024-02-28T14:22:57 IST" name="verify_textbox_ui_emi" finished-at="2024-02-28T14:22:58 IST" duration-ms="302" status="PASS">
          <reporter-output>
          </reporter-output>
        </test-method> <!-- verify_textbox_ui_emi -->
        <test-method signature="verify_scale_ui_emi()[pri:13, instance:TestCases.Tc_003_loanTest@9597028]" started-at="2024-02-28T14:22:58 IST" name="verify_scale_ui_emi" finished-at="2024-02-28T14:23:01 IST" duration-ms="3441" status="PASS">
          <reporter-output>
          </reporter-output>
        </test-method> <!-- verify_scale_ui_emi -->
        <test-method signature="verify_month_change_emi()[pri:14, instance:TestCases.Tc_003_loanTest@9597028]" started-at="2024-02-28T14:23:02 IST" name="verify_month_change_emi" finished-at="2024-02-28T14:23:03 IST" duration-ms="918" status="PASS">
          <reporter-output>
          </reporter-output>
        </test-method> <!-- verify_month_change_emi -->
        <test-method signature="verify_click_loanAmount()[pri:15, instance:TestCases.Tc_003_loanTest@9597028]" started-at="2024-02-28T14:23:03 IST" name="verify_click_loanAmount" finished-at="2024-02-28T14:23:03 IST" duration-ms="331" status="PASS">
          <reporter-output>
          </reporter-output>
        </test-method> <!-- verify_click_loanAmount -->
        <test-method signature="verify_textbox_ui_loanamount()[pri:16, instance:TestCases.Tc_003_loanTest@9597028]" started-at="2024-02-28T14:23:04 IST" name="verify_textbox_ui_loanamount" finished-at="2024-02-28T14:23:04 IST" duration-ms="313" status="PASS">
          <reporter-output>
          </reporter-output>
        </test-method> <!-- verify_textbox_ui_loanamount -->
        <test-method signature="verify_scale_ui_loanamount()[pri:17, instance:TestCases.Tc_003_loanTest@9597028]" started-at="2024-02-28T14:23:05 IST" name="verify_scale_ui_loanamount" finished-at="2024-02-28T14:23:08 IST" duration-ms="3221" status="PASS">
          <reporter-output>
          </reporter-output>
        </test-method> <!-- verify_scale_ui_loanamount -->
        <test-method signature="verify_month_change_loanamount()[pri:18, instance:TestCases.Tc_003_loanTest@9597028]" started-at="2024-02-28T14:23:08 IST" name="verify_month_change_loanamount" finished-at="2024-02-28T14:23:09 IST" duration-ms="1152" status="PASS">
          <reporter-output>
          </reporter-output>
        </test-method> <!-- verify_month_change_loanamount -->
        <test-method signature="verify_click_loanTenure()[pri:19, instance:TestCases.Tc_003_loanTest@9597028]" started-at="2024-02-28T14:23:10 IST" name="verify_click_loanTenure" finished-at="2024-02-28T14:23:10 IST" duration-ms="377" status="PASS">
          <reporter-output>
          </reporter-output>
        </test-method> <!-- verify_click_loanTenure -->
        <test-method signature="verify_textbox_ui_loantenure()[pri:20, instance:TestCases.Tc_003_loanTest@9597028]" started-at="2024-02-28T14:23:10 IST" name="verify_textbox_ui_loantenure" finished-at="2024-02-28T14:23:11 IST" duration-ms="380" status="PASS">
          <reporter-output>
          </reporter-output>
        </test-method> <!-- verify_textbox_ui_loantenure -->
        <test-method signature="verify_scale_ui_loantenure()[pri:21, instance:TestCases.Tc_003_loanTest@9597028]" started-at="2024-02-28T14:23:11 IST" name="verify_scale_ui_loantenure" finished-at="2024-02-28T14:23:15 IST" duration-ms="3595" status="PASS">
          <reporter-output>
          </reporter-output>
        </test-method> <!-- verify_scale_ui_loantenure -->
      </class> <!-- TestCases.Tc_003_loanTest -->
    </test> <!-- Test -->
  </suite> <!-- Suite -->
</testng-results>
